<?xml version="1.0" encoding="UTF-8"?>
<testsuite hostname="new-host.home" name="org.springframework.data.keyvalue.riak.client.RiakRestClientTests" tests="7" failures="0" timestamp="26 Mar 2011 03:21:55 GMT" time="8.206" errors="0">
  <testcase name="deleteKeyTest" time="0.29" classname="org.springframework.data.keyvalue.riak.client.RiakRestClientTests"/>
  <testcase name="getBucketInformationTest" time="2.344" classname="org.springframework.data.keyvalue.riak.client.RiakRestClientTests"/>
  <testcase name="getValueTest" time="0.155" classname="org.springframework.data.keyvalue.riak.client.RiakRestClientTests"/>
  <testcase name="listBucketsTest" time="1.21" classname="org.springframework.data.keyvalue.riak.client.RiakRestClientTests"/>
  <testcase name="setBucketInformationTest" time="0.33" classname="org.springframework.data.keyvalue.riak.client.RiakRestClientTests"/>
  <testcase name="storeKeyValueTest" time="1.057" classname="org.springframework.data.keyvalue.riak.client.RiakRestClientTests"/>
  <testcase name="storeValueTest" time="0.901" classname="org.springframework.data.keyvalue.riak.client.RiakRestClientTests"/>
</testsuite>
