<?xml version="1.0" encoding="UTF-8"?>
<testng-results skipped="0" failed="0" total="7" passed="7">
  <reporter-output>
  </reporter-output>
  <suite name="Default suite" duration-ms="8206" started-at="2011-03-25T20:21:47Z" finished-at="2011-03-25T20:21:55Z">
    <groups>
      <group name="bucket">
        <method signature="org.springframework.data.keyvalue.riak.client.RiakRestClientTests.getBucketInformationTest()" name="getBucketInformationTest" class="org.springframework.data.keyvalue.riak.client.RiakRestClientTests"/>
        <method signature="org.springframework.data.keyvalue.riak.client.RiakRestClientTests.listBucketsTest()" name="listBucketsTest" class="org.springframework.data.keyvalue.riak.client.RiakRestClientTests"/>
        <method signature="org.springframework.data.keyvalue.riak.client.RiakRestClientTests.setBucketInformationTest()" name="setBucketInformationTest" class="org.springframework.data.keyvalue.riak.client.RiakRestClientTests"/>
      </group>
      <group name="write">
        <method signature="org.springframework.data.keyvalue.riak.client.RiakRestClientTests.setBucketInformationTest()" name="setBucketInformationTest" class="org.springframework.data.keyvalue.riak.client.RiakRestClientTests"/>
        <method signature="org.springframework.data.keyvalue.riak.client.RiakRestClientTests.storeKeyValueTest()" name="storeKeyValueTest" class="org.springframework.data.keyvalue.riak.client.RiakRestClientTests"/>
        <method signature="org.springframework.data.keyvalue.riak.client.RiakRestClientTests.storeValueTest()" name="storeValueTest" class="org.springframework.data.keyvalue.riak.client.RiakRestClientTests"/>
      </group>
      <group name="delete">
        <method signature="org.springframework.data.keyvalue.riak.client.RiakRestClientTests.deleteKeyTest()" name="deleteKeyTest" class="org.springframework.data.keyvalue.riak.client.RiakRestClientTests"/>
      </group>
      <group name="read">
        <method signature="org.springframework.data.keyvalue.riak.client.RiakRestClientTests.getBucketInformationTest()" name="getBucketInformationTest" class="org.springframework.data.keyvalue.riak.client.RiakRestClientTests"/>
        <method signature="org.springframework.data.keyvalue.riak.client.RiakRestClientTests.getValueTest()" name="getValueTest" class="org.springframework.data.keyvalue.riak.client.RiakRestClientTests"/>
        <method signature="org.springframework.data.keyvalue.riak.client.RiakRestClientTests.listBucketsTest()" name="listBucketsTest" class="org.springframework.data.keyvalue.riak.client.RiakRestClientTests"/>
      </group>
      <group name="keyValue">
        <method signature="org.springframework.data.keyvalue.riak.client.RiakRestClientTests.deleteKeyTest()" name="deleteKeyTest" class="org.springframework.data.keyvalue.riak.client.RiakRestClientTests"/>
        <method signature="org.springframework.data.keyvalue.riak.client.RiakRestClientTests.getValueTest()" name="getValueTest" class="org.springframework.data.keyvalue.riak.client.RiakRestClientTests"/>
        <method signature="org.springframework.data.keyvalue.riak.client.RiakRestClientTests.storeKeyValueTest()" name="storeKeyValueTest" class="org.springframework.data.keyvalue.riak.client.RiakRestClientTests"/>
        <method signature="org.springframework.data.keyvalue.riak.client.RiakRestClientTests.storeValueTest()" name="storeValueTest" class="org.springframework.data.keyvalue.riak.client.RiakRestClientTests"/>
      </group>
    </groups>
    <test name="Default test" duration-ms="8206" started-at="2011-03-25T20:21:47Z" finished-at="2011-03-25T20:21:55Z">
      <class name="org.springframework.data.keyvalue.riak.client.RiakRestClientTests">
        <test-method status="PASS" signature="setUp()" name="setUp" is-config="true" duration-ms="1019" started-at="2011-03-25T20:21:47Z" finished-at="2011-03-25T20:21:48Z">
        </test-method>
        <test-method status="PASS" signature="deleteKeyTest()" name="deleteKeyTest" duration-ms="290" started-at="2011-03-25T20:21:48Z" finished-at="2011-03-25T20:21:48Z">
        </test-method>
        <test-method status="PASS" signature="getBucketInformationTest()" name="getBucketInformationTest" duration-ms="2344" started-at="2011-03-25T20:21:48Z" finished-at="2011-03-25T20:21:50Z">
        </test-method>
        <test-method status="PASS" signature="getValueTest()" name="getValueTest" duration-ms="155" started-at="2011-03-25T20:21:50Z" finished-at="2011-03-25T20:21:51Z">
        </test-method>
        <test-method status="PASS" signature="listBucketsTest()" name="listBucketsTest" duration-ms="1210" started-at="2011-03-25T20:21:51Z" finished-at="2011-03-25T20:21:52Z">
        </test-method>
        <test-method status="PASS" signature="setBucketInformationTest()" name="setBucketInformationTest" duration-ms="330" started-at="2011-03-25T20:21:52Z" finished-at="2011-03-25T20:21:52Z">
        </test-method>
        <test-method status="PASS" signature="storeKeyValueTest()" name="storeKeyValueTest" duration-ms="1057" started-at="2011-03-25T20:21:52Z" finished-at="2011-03-25T20:21:53Z">
        </test-method>
        <test-method status="PASS" signature="storeValueTest()" name="storeValueTest" duration-ms="901" started-at="2011-03-25T20:21:53Z" finished-at="2011-03-25T20:21:54Z">
        </test-method>
        <test-method status="PASS" signature="tearDown()" name="tearDown" is-config="true" duration-ms="803" started-at="2011-03-25T20:21:54Z" finished-at="2011-03-25T20:21:55Z">
        </test-method>
      </class>
    </test>
  </suite>
</testng-results>
